Determining if the pthread_create exist failed with the following output:
Change Dir: /home/ych/go/src/github.com/weikengchen/libsnark_sample/sample/build2/CMakeFiles/CMakeTmp

Run Build Command:"/usr/bin/make" "cmTC_89cb3/fast"
/usr/bin/make -f CMakeFiles/cmTC_89cb3.dir/build.make CMakeFiles/cmTC_89cb3.dir/build
make[1]: Entering directory '/home/ych/go/src/github.com/weikengchen/libsnark_sample/sample/build2/CMakeFiles/CMakeTmp'
Building C object CMakeFiles/cmTC_89cb3.dir/CheckSymbolExists.c.o
/usr/bin/cc     -o CMakeFiles/cmTC_89cb3.dir/CheckSymbolExists.c.o   -c /home/ych/go/src/github.com/weikengchen/libsnark_sample/sample/build2/CMakeFiles/CMakeTmp/CheckSymbolExists.c
Linking C executable cmTC_89cb3
/usr/bin/cmake -E cmake_link_script CMakeFiles/cmTC_89cb3.dir/link.txt --verbose=1
/usr/bin/cc       CMakeFiles/cmTC_89cb3.dir/CheckSymbolExists.c.o  -o cmTC_89cb3 -rdynamic 
CMakeFiles/cmTC_89cb3.dir/CheckSymbolExists.c.o：在函数‘main’中：
CheckSymbolExists.c:(.text+0x16)：对‘pthread_create’未定义的引用
collect2: error: ld returned 1 exit status
CMakeFiles/cmTC_89cb3.dir/build.make:97: recipe for target 'cmTC_89cb3' failed
make[1]: *** [cmTC_89cb3] Error 1
make[1]: Leaving directory '/home/ych/go/src/github.com/weikengchen/libsnark_sample/sample/build2/CMakeFiles/CMakeTmp'
Makefile:126: recipe for target 'cmTC_89cb3/fast' failed
make: *** [cmTC_89cb3/fast] Error 2

File /home/ych/go/src/github.com/weikengchen/libsnark_sample/sample/build2/CMakeFiles/CMakeTmp/CheckSymbolExists.c:
/* */
#include <pthread.h>

int main(int argc, char** argv)
{
  (void)argv;
#ifndef pthread_create
  return ((int*)(&pthread_create))[argc];
#else
  (void)argc;
  return 0;
#endif
}

